<?xml version="1.0" encoding="UTF-8"?>
<testsuite xmlns:xsi="http://www.w3.org/2001/XMLSchema-instance" xsi:noNamespaceSchemaLocation="https://maven.apache.org/surefire/maven-surefire-plugin/xsd/surefire-test-report-3.0.xsd" version="3.0" name="com.sistema_financiero_personal.ValidarContrasenaParamTest" time="0.023" tests="6" errors="0" skipped="0" failures="0">
  <properties>
[...]
</properties>
  <testcase name="given_password_when_validate_then_expected_result[0: password=&quot;123&quot; =&gt; esperado=false]" classname="com.sistema_financiero_personal.ValidarContrasenaParamTest" time="0.004"/>
  <testcase name="given_password_when_validate_then_expected_result[1: password=&quot;123abc$%&quot; =&gt; esperado=false]" classname="com.sistema_financiero_personal.ValidarContrasenaParamTest" time="0.002"/>
  <testcase name="given_password_when_validate_then_expected_result[2: password=&quot;Abc123$%&quot; =&gt; esperado=true]" classname="com.sistema_financiero_personal.ValidarContrasenaParamTest" time="0.002"/>
  <testcase name="given_password_when_validate_then_expected_result[3: password=&quot;123ABC$%&quot; =&gt; esperado=false]" classname="com.sistema_financiero_personal.ValidarContrasenaParamTest" time="0.001"/>
  <testcase name="given_password_when_validate_then_expected_result[4: password=&quot;Abcdef$%&quot; =&gt; esperado=false]" classname="com.sistema_financiero_personal.ValidarContrasenaParamTest" time="0.0"/>
  <testcase name="given_password_when_validate_then_expected_result[5: password=&quot;Abc12345&quot; =&gt; esperado=false]" classname="com.sistema_financiero_personal.ValidarContrasenaParamTest" time="0.0"/>
</testsuite>